<?xml version="1.0" encoding="UTF-8"?>
<testsuite xmlns:xsi="http://www.w3.org/2001/XMLSchema-instance" xsi:schemaLocation="https://maven.apache.org/surefire/maven-surefire-plugin/xsd/surefire-test-report.xsd" name="helloworld.AppTest" time="0.05" tests="1" errors="1" skipped="0" failures="0">
  <properties>
[...]
</properties>
  <testcase name="successfulResponse" classname="helloworld.AppTest" time="0.006">
    <error type="java.lang.NullPointerException">java.lang.NullPointerException
	at helloworld.AppTest.successfulResponse(AppTest.java:14)
</error>
  </testcase>
</testsuite>